{
  "stats": {
    "suites": 1,
    "tests": 1,
    "passes": 0,
    "pending": 0,
    "failures": 1,
    "start": "2021-09-01T22:40:25.346Z",
    "end": "2021-09-01T22:41:45.141Z",
    "duration": 79795,
    "testsRegistered": 1,
    "passPercent": 0,
    "pendingPercent": 0,
    "other": 0,
    "hasOther": false,
    "skipped": 0,
    "hasSkipped": false
  },
  "results": [
    {
      "uuid": "b82c7ecb-7469-469d-be1e-c69710793cba",
      "title": "",
      "fullFile": "cypress/integration/ComprarProduto/comprarProduto.spec.js",
      "file": "cypress/integration/ComprarProduto/comprarProduto.spec.js",
      "beforeHooks": [],
      "afterHooks": [],
      "tests": [],
      "suites": [
        {
          "uuid": "ae568846-9480-41a9-9608-d945e4dd5edf",
          "title": "Comprar Poduto",
          "fullFile": "",
          "file": "",
          "beforeHooks": [],
          "afterHooks": [],
          "tests": [
            {
              "title": "Validar nome e valor de produto, ao adicionar no carrinho",
              "fullTitle": "Comprar Poduto Validar nome e valor de produto, ao adicionar no carrinho",
              "timedOut": null,
              "duration": 79654,
              "state": "failed",
              "speed": null,
              "pass": false,
              "fail": true,
              "pending": false,
              "context": null,
              "code": "_compProd.default.produto('TOTVS Backoffice (Linha Protheus) - Arquitetura e Instalação - Atualização de Release', '1');",
              "err": {
                "message": "AssertionError: Timed out retrying after 15000ms: expected 'R$867,69' to equal '\\n                        R$867,69                                            '",
                "estack": "AssertionError: Timed out retrying after 15000ms: expected 'R$867,69' to equal '\\n                        R$867,69                                            '\n    at Context.eval (https://totvs.store/__cypress/tests?p=cypress\\integration\\ComprarProduto\\comprarProduto.spec.js:184:239)",
                "diff": "- 'R$867,69'\n+ '\\n                        R$867,69                                            '\n"
              },
              "uuid": "18ec0948-6b5a-442f-b17f-ef1d229a0077",
              "parentUUID": "ae568846-9480-41a9-9608-d945e4dd5edf",
              "isHook": false,
              "skipped": false
            }
          ],
          "suites": [],
          "passes": [],
          "failures": [
            "18ec0948-6b5a-442f-b17f-ef1d229a0077"
          ],
          "pending": [],
          "skipped": [],
          "duration": 79654,
          "root": false,
          "rootEmpty": false,
          "_timeout": 2000
        }
      ],
      "passes": [],
      "failures": [],
      "pending": [],
      "skipped": [],
      "duration": 0,
      "root": true,
      "rootEmpty": true,
      "_timeout": 2000
    }
  ],
  "meta": {
    "mocha": {
      "version": "7.0.1"
    },
    "mochawesome": {
      "options": {
        "quiet": false,
        "reportFilename": "mochawesome",
        "saveHtml": false,
        "saveJson": true,
        "consoleReporter": "spec",
        "useInlineDiffs": false,
        "code": true
      },
      "version": "6.2.2"
    },
    "marge": {
      "options": {
        "reportDir": "mochawesome-report",
        "quite": true,
        "overwrite": true,
        "html": false,
        "json": true,
        "timestamp": "ddmmyyyy_HHMMss"
      },
      "version": "5.2.0"
    }
  }
}