{
  "stats": {
    "suites": 2,
    "tests": 2,
    "passes": 2,
    "pending": 0,
    "failures": 0,
    "start": "2021-09-02T20:29:20.915Z",
    "end": "2021-09-02T20:29:49.247Z",
    "duration": 20557,
    "testsRegistered": 2,
    "passPercent": 100,
    "pendingPercent": 0,
    "other": 0,
    "hasOther": false,
    "skipped": 0,
    "hasSkipped": false
  },
  "results": [
    {
      "uuid": "7346ec7c-be89-4af8-a131-584fa4cb1520",
      "title": "",
      "fullFile": "cypress/integration/services/Books/testes/GETBookAdd.spec.js",
      "file": "cypress/integration/services/Books/testes/GETBookAdd.spec.js",
      "beforeHooks": [],
      "afterHooks": [],
      "tests": [],
      "suites": [
        {
          "uuid": "66fb8fc1-9181-466e-b48d-fbdbe4c04e75",
          "title": "GetBookAdd",
          "fullFile": "",
          "file": "",
          "beforeHooks": [],
          "afterHooks": [],
          "tests": [
            {
              "title": "Buscar Livro Adicionado Anteriormente",
              "fullTitle": "GetBookAdd Buscar Livro Adicionado Anteriormente",
              "timedOut": null,
              "duration": 901,
              "state": "passed",
              "speed": "slow",
              "pass": true,
              "fail": false,
              "pending": false,
              "context": null,
              "code": "GETBookAdd.findBook(50).should(response => {\n  expect(response.status).to.equal(200);\n  expect(response.body.title).to.equal('Book 50');\n});",
              "err": {},
              "uuid": "b2ad84dc-3d8e-41a5-956c-8921b958b80c",
              "parentUUID": "66fb8fc1-9181-466e-b48d-fbdbe4c04e75",
              "isHook": false,
              "skipped": false
            }
          ],
          "suites": [],
          "passes": [
            "b2ad84dc-3d8e-41a5-956c-8921b958b80c"
          ],
          "failures": [],
          "pending": [],
          "skipped": [],
          "duration": 901,
          "root": false,
          "rootEmpty": false,
          "_timeout": 2000
        }
      ],
      "passes": [],
      "failures": [],
      "pending": [],
      "skipped": [],
      "duration": 0,
      "root": true,
      "rootEmpty": true,
      "_timeout": 2000
    },
    {
      "uuid": "e5d934b2-ab93-4662-9cd7-0c3efb422bcf",
      "title": "",
      "fullFile": "cypress/integration/services/Books/testes/GETBooks.spec.js",
      "file": "cypress/integration/services/Books/testes/GETBooks.spec.js",
      "beforeHooks": [],
      "afterHooks": [],
      "tests": [],
      "suites": [
        {
          "uuid": "50e63888-4114-49bd-af38-791fea9b8333",
          "title": "GETBooks",
          "fullFile": "",
          "file": "",
          "beforeHooks": [],
          "afterHooks": [],
          "tests": [
            {
              "title": "Listar todos os livros",
              "fullTitle": "GETBooks Listar todos os livros",
              "timedOut": null,
              "duration": 19656,
              "state": "passed",
              "speed": "slow",
              "pass": true,
              "fail": false,
              "pending": false,
              "context": null,
              "code": "GETBooks.allBooks().should(response => {\n  expect(response.status).to.equal(200);\n  expect(response.body).to.be.not.null;\n});",
              "err": {},
              "uuid": "9fce4b32-b484-4900-997f-54d33646d8dd",
              "parentUUID": "50e63888-4114-49bd-af38-791fea9b8333",
              "isHook": false,
              "skipped": false
            }
          ],
          "suites": [],
          "passes": [
            "9fce4b32-b484-4900-997f-54d33646d8dd"
          ],
          "failures": [],
          "pending": [],
          "skipped": [],
          "duration": 19656,
          "root": false,
          "rootEmpty": false,
          "_timeout": 2000
        }
      ],
      "passes": [],
      "failures": [],
      "pending": [],
      "skipped": [],
      "duration": 0,
      "root": true,
      "rootEmpty": true,
      "_timeout": 2000
    }
  ],
  "meta": {
    "mocha": {
      "version": "7.0.1"
    },
    "mochawesome": {
      "options": {
        "quiet": false,
        "reportFilename": "mochawesome",
        "saveHtml": false,
        "saveJson": true,
        "consoleReporter": "spec",
        "useInlineDiffs": false,
        "code": true
      },
      "version": "6.2.2"
    },
    "marge": {
      "options": {
        "reportDir": "mochawesome-report",
        "quite": true,
        "overwrite": true,
        "html": false,
        "json": true,
        "timestamp": "ddmmyyyy_HHMMss"
      },
      "version": "5.2.0"
    }
  }
}